[debug] [2022-03-21T12:42:48.682Z] ----------------------------------------------------------------------
[debug] [2022-03-21T12:42:48.683Z] Command:       C:\Program Files\nodejs\node.exe C:\Users\ayato\AppData\Roaming\npm\node_modules\firebase-tools\lib\bin\firebase.js serve
[debug] [2022-03-21T12:42:48.683Z] CLI Version:   10.4.0
[debug] [2022-03-21T12:42:48.683Z] Platform:      win32
[debug] [2022-03-21T12:42:48.684Z] Node Version:  v16.14.2
[debug] [2022-03-21T12:42:48.684Z] Time:          Mon Mar 21 2022 21:42:48 GMT+0900 (日本標準時)
[debug] [2022-03-21T12:42:48.685Z] ----------------------------------------------------------------------
[debug] 
[debug] [2022-03-21T12:42:48.739Z] > command requires scopes: ["email","openid","https://www.googleapis.com/auth/cloudplatformprojects.readonly","https://www.googleapis.com/auth/firebase","https://www.googleapis.com/auth/cloud-platform"]
[debug] [2022-03-21T12:42:48.739Z] > authorizing via signed-in user (yyutypng@gmail.com)
[debug] [2022-03-21T12:42:48.739Z] [iam] checking project side-f02d7 for permissions ["firebase.projects.get"]
[debug] [2022-03-21T12:42:48.741Z] >>> [apiv2][query] POST https://cloudresourcemanager.googleapis.com/v1/projects/side-f02d7:testIamPermissions [none]
[debug] [2022-03-21T12:42:48.741Z] >>> [apiv2][body] POST https://cloudresourcemanager.googleapis.com/v1/projects/side-f02d7:testIamPermissions {"permissions":["firebase.projects.get"]}
[debug] [2022-03-21T12:42:49.390Z] <<< [apiv2][status] POST https://cloudresourcemanager.googleapis.com/v1/projects/side-f02d7:testIamPermissions 200
[debug] [2022-03-21T12:42:49.390Z] <<< [apiv2][body] POST https://cloudresourcemanager.googleapis.com/v1/projects/side-f02d7:testIamPermissions {"permissions":["firebase.projects.get"]}
[debug] [2022-03-21T12:42:49.391Z] >>> [apiv2][query] GET https://firebase.googleapis.com/v1beta1/projects/side-f02d7 [none]
[debug] [2022-03-21T12:42:49.708Z] <<< [apiv2][status] GET https://firebase.googleapis.com/v1beta1/projects/side-f02d7 200
[debug] [2022-03-21T12:42:49.708Z] <<< [apiv2][body] GET https://firebase.googleapis.com/v1beta1/projects/side-f02d7 {"projectId":"side-f02d7","projectNumber":"12856972999","displayName":"SIDE","name":"projects/side-f02d7","resources":{"hostingSite":"side-f02d7","storageBucket":"side-f02d7.appspot.com","locationId":"asia-southeast1"},"state":"ACTIVE"}
[info] 
[info] === Serving from 'C:\Users\ayato\github\Side'...
[info] 
[debug] [2022-03-21T12:42:49.712Z] >>> [apiv2][query] GET https://firebasehosting.googleapis.com/v1beta1/projects/side-f02d7/sites 
[info] +  functions: Using node@16 from host. {"metadata":{"emulator":{"name":"functions"},"message":"Using node@16 from host."}}
[debug] [2022-03-21T12:42:49.717Z] defaultcredentials: writing to file C:\Users\ayato\AppData\Roaming\firebase\yyutypng_gmail_com_application_default_credentials.json
[debug] [2022-03-21T12:42:49.718Z] Setting GAC to C:\Users\ayato\AppData\Roaming\firebase\yyutypng_gmail_com_application_default_credentials.json {"metadata":{"emulator":{"name":"functions"},"message":"Setting GAC to C:\\Users\\ayato\\AppData\\Roaming\\firebase\\yyutypng_gmail_com_application_default_credentials.json"}}
[debug] [2022-03-21T12:42:49.719Z] >>> [apiv2][query] GET https://firebase.googleapis.com/v1beta1/projects/side-f02d7/adminSdkConfig [none]
[debug] [2022-03-21T12:42:50.039Z] <<< [apiv2][status] GET https://firebase.googleapis.com/v1beta1/projects/side-f02d7/adminSdkConfig 200
[debug] [2022-03-21T12:42:50.039Z] <<< [apiv2][body] GET https://firebase.googleapis.com/v1beta1/projects/side-f02d7/adminSdkConfig {"projectId":"side-f02d7","storageBucket":"side-f02d7.appspot.com","locationId":"asia-southeast1"}
[debug] [2022-03-21T12:42:50.832Z] <<< [apiv2][status] GET https://firebasehosting.googleapis.com/v1beta1/projects/side-f02d7/sites 200
[debug] [2022-03-21T12:42:50.832Z] <<< [apiv2][body] GET https://firebasehosting.googleapis.com/v1beta1/projects/side-f02d7/sites {"sites":[{"name":"projects/12856972999/sites/side-f02d7","defaultUrl":"https://side-f02d7.web.app","appId":"1:12856972999:web:3ca022414df0818e50d0e2","type":"DEFAULT_SITE"}]}
[debug] [2022-03-21T12:42:50.833Z] >>> [apiv2][query] GET https://firebase.googleapis.com/v1beta1/projects/side-f02d7/webApps/1:12856972999:web:3ca022414df0818e50d0e2/config [none]
[debug] [2022-03-21T12:42:52.000Z] <<< [apiv2][status] GET https://firebase.googleapis.com/v1beta1/projects/side-f02d7/webApps/1:12856972999:web:3ca022414df0818e50d0e2/config 200
[debug] [2022-03-21T12:42:52.000Z] <<< [apiv2][body] GET https://firebase.googleapis.com/v1beta1/projects/side-f02d7/webApps/1:12856972999:web:3ca022414df0818e50d0e2/config {"projectId":"side-f02d7","appId":"1:12856972999:web:3ca022414df0818e50d0e2","storageBucket":"side-f02d7.appspot.com","locationId":"asia-southeast1","apiKey":"AIzaSyBVlAGbp2FUJPbXBD0Js2x6LqW7QKE1Fds","authDomain":"side-f02d7.firebaseapp.com","messagingSenderId":"12856972999","measurementId":"G-H73Y3GHK3V"}
[info] i  functions: Watching "C:\Users\ayato\github\Side\functions" for Cloud Functions... {"metadata":{"emulator":{"name":"functions"},"message":"Watching \"C:\\Users\\ayato\\github\\Side\\functions\" for Cloud Functions..."}}
[info] i  hosting: Serving hosting files from: public {"metadata":{"emulator":{"name":"hosting"},"message":"Serving hosting files from: \u001b[1mpublic\u001b[22m"}}
[info] +  hosting: Local server: http://localhost:5000 {"metadata":{"emulator":{"name":"hosting"},"message":"Local server: \u001b[4m\u001b[1mhttp://localhost:5000\u001b[22m\u001b[24m"}}
[debug] [2022-03-21T12:42:52.031Z] Validating nodejs source
[debug] [2022-03-21T12:42:54.020Z] > [functions] package.json contents: {
  "name": "functions",
  "description": "Cloud Functions for Firebase",
  "scripts": {
    "lint": "eslint .",
    "serve": "firebase emulators:start --only functions",
    "shell": "firebase functions:shell",
    "start": "npm run shell",
    "deploy": "firebase deploy --only functions",
    "logs": "firebase functions:log"
  },
  "engines": {
    "node": "16"
  },
  "main": "index.js",
  "dependencies": {
    "firebase-admin": "^10.0.2",
    "firebase-functions": "^3.18.0"
  },
  "devDependencies": {
    "eslint": "^8.9.0",
    "eslint-config-google": "^0.14.0",
    "firebase-functions-test": "^0.2.0"
  },
  "private": true
}
[debug] [2022-03-21T12:42:54.021Z] Building nodejs source
[debug] [2022-03-21T12:42:54.021Z] Analyzing nodejs backend spec
